<?xml version="1.0" encoding="UTF-8"?>
<!-- Generated by org.testng.reporters.JUnitReportReporter -->
<testsuite hostname="stationdev7" name="POMWrdprs.POMWrdprs.POMWordpressVerifyLogin" tests="1" failures="0" timestamp="29 Mar 2016 11:09:14 GMT" time="42.126" errors="0">
  <testcase name="verifyValidLogin" time="42.126" classname="POMWrdprs.POMWrdprs.POMWordpressVerifyLogin"/>
</testsuite> <!-- POMWrdprs.POMWrdprs.POMWordpressVerifyLogin -->
