<?xml version="1.0" encoding="UTF-8"?>
<!-- Generated by org.testng.reporters.JUnitReportReporter -->
<testsuite hostname="stationdev7" name="POMWrdprs.POMWrdprs.AfroAlertt_Test_Suite" tests="2" failures="0" timestamp="24 Mar 2016 11:58:40 GMT" time="38.114" errors="0">
  <testcase name="userCanNotLoginInValidDetails" time="10.783" classname="POMWrdprs.POMWrdprs.AfroAlertt_Test_Suite"/>
  <testcase name="userCanLoginValidDetails" time="27.331" classname="POMWrdprs.POMWrdprs.AfroAlertt_Test_Suite"/>
</testsuite> <!-- POMWrdprs.POMWrdprs.AfroAlertt_Test_Suite -->
