<?xml version="1.0" encoding="UTF-8"?>
<!-- Generated by org.testng.reporters.JUnitReportReporter -->
<testsuite hostname="stationdev7" name="POMWrdprs.POMWrdprs.SanityTestSuite" tests="1" failures="0" timestamp="17 Mar 2016 12:29:24 GMT" time="17.600" errors="0">
  <testcase name="userCanLoginValidDetails" time="17.600" classname="POMWrdprs.POMWrdprs.SanityTestSuite"/>
</testsuite> <!-- POMWrdprs.POMWrdprs.SanityTestSuite -->
